This is e-pTeX, Version 3.14159265-p3.7-160201-2.6 (utf8.euc) (TeX Live 2016) (preloaded format=platex 2017.1.26)  7 FEB 2017 13:47
entering extended mode
 restricted \write18 enabled.
 file:line:error style messages enabled.
 %&-line parsing enabled.
**my_help2hiki_saki_2.tex
(./my_help2hiki_saki_2.tex
pLaTeX2e <2016/11/29> (based on LaTeX2e <2017/01/01>)
Babel <3.9r> and hyphenation patterns for 83 language(s) loaded.
(/usr/local/texlive/2016/texmf-dist/tex/platex/jsclasses/jsarticle.cls
Document Class: jsarticle 2017/01/13 okumura, texjporg
\jsc@mpt=\dimen118
\jsc@mmm=\dimen119
\jsc@smallskipamount=\skip41
LaTeX Info: Redefining \rmfamily on input line 468.
LaTeX Info: Redefining \sffamily on input line 471.
LaTeX Info: Redefining \ttfamily on input line 474.
LaTeX Info: Redefining \textmc on input line 477.
LaTeX Info: Redefining \textgt on input line 479.
\symmincho=\mathgroup4
LaTeX Font Info:    Overwriting symbol font `mincho' in version `bold'
(Font)                  JY1/mc/m/n --> JY1/gt/m/n on input line 540.
LaTeX Font Info:    Font shape `JT1/mc/m/n' will be
(Font)              scaled to size 9.60999pt on input line 731.
LaTeX Font Info:    Font shape `JY1/mc/m/n' will be
(Font)              scaled to size 9.60999pt on input line 731.
\fullwidth=\dimen120
LaTeX Font Info:    Font shape `JT1/mc/m/n' will be
(Font)              scaled to size 7.68799pt on input line 883.
LaTeX Font Info:    Font shape `JY1/mc/m/n' will be
(Font)              scaled to size 7.68799pt on input line 883.
\c@part=\count82
\c@section=\count83
\c@subsection=\count84
\c@subsubsection=\count85
\c@paragraph=\count86
\c@subparagraph=\count87
\@abstractbox=\box41
\c@figure=\count88
\c@table=\count89
\abovecaptionskip=\skip42
\belowcaptionskip=\skip43
\jsc@tocl@width=\dimen121
\@lnumwidth=\dimen122
\bibindent=\dimen123
(/usr/local/texlive/2016/texmf-dist/tex/platex/jsclasses/jslogo.sty
Package: jslogo 2016/07/14 okumura, texjporg
LaTeX Info: Redefining \TeX on input line 94.
LaTeX Info: Redefining \LaTeX on input line 147.
LaTeX Info: Redefining \LaTeXe on input line 200.
)
\heisei=\count90
)
(/usr/local/texlive/2016/texmf-dist/tex/latex/graphics/graphicx.sty
Package: graphicx 2014/10/28 v1.0g Enhanced LaTeX Graphics (DPC,SPQR)

(/usr/local/texlive/2016/texmf-dist/tex/latex/graphics/keyval.sty
Package: keyval 2014/10/28 v1.15 key=value parser (DPC)
\KV@toks@=\toks15
)
(/usr/local/texlive/2016/texmf-dist/tex/latex/graphics/graphics.sty
Package: graphics 2016/10/09 v1.0u Standard LaTeX Graphics (DPC,SPQR)

(/usr/local/texlive/2016/texmf-dist/tex/latex/graphics/trig.sty
Package: trig 2016/01/03 v1.10 sin cos tan (DPC)
)
(/usr/local/texlive/2016/texmf-dist/tex/latex/graphics-cfg/graphics.cfg
File: graphics.cfg 2016/06/04 v1.11 sample graphics configuration
)
Package graphics Info: Driver file: dvipdfmx.def on input line 99.

(/usr/local/texlive/2016/texmf-dist/tex/latex/graphics-def/dvipdfmx.def
File: dvipdfmx.def 2016/07/11 v4.12 LaTeX color/graphics driver for dvipdfmx (L
3/ChoF)
))
\Gin@req@height=\dimen124
\Gin@req@width=\dimen125
)
(/usr/local/texlive/2016/texmf-dist/tex/latex/graphics/color.sty
Package: color 2016/07/10 v1.1e Standard LaTeX Color (DPC)

(/usr/local/texlive/2016/texmf-dist/tex/latex/graphics-cfg/color.cfg
File: color.cfg 2016/01/02 v1.6 sample color configuration
)
Package color Info: Driver file: dvipdfmx.def on input line 147.

(/usr/local/texlive/2016/texmf-dist/tex/latex/graphics/dvipsnam.def
File: dvipsnam.def 2016/06/17 v3.0m Driver-dependent file (DPC,SPQR)
))
(/usr/local/texlive/2016/texmf-dist/tex/latex/listings/listings.sty
\lst@mode=\count91
\lst@gtempboxa=\box42
\lst@token=\toks16
\lst@length=\count92
\lst@currlwidth=\dimen126
\lst@column=\count93
\lst@pos=\count94
\lst@lostspace=\dimen127
\lst@width=\dimen128
\lst@newlines=\count95
\lst@lineno=\count96
\lst@maxwidth=\dimen129

(/usr/local/texlive/2016/texmf-dist/tex/latex/listings/lstmisc.sty
File: lstmisc.sty 2015/06/04 1.6 (Carsten Heinz)
\c@lstnumber=\count97
\lst@skipnumbers=\count98
\lst@framebox=\box43
)
(/usr/local/texlive/2016/texmf-dist/tex/latex/listings/listings.cfg
File: listings.cfg 2015/06/04 1.6 listings configuration
))
Package: listings 2015/06/04 1.6 (Carsten Heinz)

(./my_help2hiki_saki_2.aux (./introduction_2.aux

LaTeX Warning: Label `default' multiply defined.

) (./my_help_2.aux) (./behavior_2.aux

LaTeX Warning: Label `default' multiply defined.


LaTeX Warning: Label `default' multiply defined.


LaTeX Warning: Label `default' multiply defined.


LaTeX Warning: Label `default' multiply defined.

) (./template_2.aux

LaTeX Warning: Label `default' multiply defined.


LaTeX Warning: Label `default' multiply defined.

) (./merit_2.aux) (./task_2.aux) (./reference_2.aux))
\openout1 = `my_help2hiki_saki_2.aux'.

LaTeX Font Info:    Checking defaults for OML/cmm/m/it on input line 39.
LaTeX Font Info:    ... okay on input line 39.
LaTeX Font Info:    Checking defaults for T1/cmr/m/n on input line 39.
LaTeX Font Info:    ... okay on input line 39.
LaTeX Font Info:    Checking defaults for OT1/cmr/m/n on input line 39.
LaTeX Font Info:    ... okay on input line 39.
LaTeX Font Info:    Checking defaults for OMS/cmsy/m/n on input line 39.
LaTeX Font Info:    ... okay on input line 39.
LaTeX Font Info:    Checking defaults for OMX/cmex/m/n on input line 39.
LaTeX Font Info:    ... okay on input line 39.
LaTeX Font Info:    Checking defaults for U/cmr/m/n on input line 39.
LaTeX Font Info:    ... okay on input line 39.
LaTeX Font Info:    Checking defaults for JY1/mc/m/n on input line 39.
LaTeX Font Info:    ... okay on input line 39.
LaTeX Font Info:    Checking defaults for JT1/mc/m/n on input line 39.
LaTeX Font Info:    ... okay on input line 39.
\c@lstlisting=\count99
LaTeX Font Info:    Font shape `JT1/mc/m/n' will be
(Font)              scaled to size 16.60605pt on input line 45.
LaTeX Font Info:    Font shape `JY1/mc/m/n' will be
(Font)              scaled to size 16.60605pt on input line 45.
LaTeX Font Info:    Font shape `JT1/mc/m/n' will be
(Font)              scaled to size 11.53198pt on input line 45.
LaTeX Font Info:    Font shape `JY1/mc/m/n' will be
(Font)              scaled to size 11.53198pt on input line 45.
LaTeX Font Info:    External font `cmex10' loaded for size
(Font)              <12> on input line 45.
LaTeX Font Info:    External font `cmex10' loaded for size
(Font)              <8> on input line 45.
LaTeX Font Info:    External font `cmex10' loaded for size
(Font)              <6> on input line 45.
LaTeX Font Info:    Font shape `JY1/mc/m/n' will be
(Font)              scaled to size 5.76599pt on input line 45.
LaTeX Font Info:    Font shape `JT1/gt/m/n' will be
(Font)              scaled to size 9.60999pt on input line 47.
LaTeX Font Info:    Font shape `JY1/gt/m/n' will be
(Font)              scaled to size 9.60999pt on input line 47.
LaTeX Font Info:    Font shape `JT1/mc/m/n' will be
(Font)              scaled to size 13.83836pt on input line 47.
LaTeX Font Info:    Font shape `JY1/mc/m/n' will be
(Font)              scaled to size 13.83836pt on input line 47.
LaTeX Font Info:    Font shape `JT1/gt/m/n' will be
(Font)              scaled to size 13.83836pt on input line 47.
LaTeX Font Info:    Font shape `JY1/gt/m/n' will be
(Font)              scaled to size 13.83836pt on input line 47.

(./my_help2hiki_saki_2.toc [1

]
LaTeX Font Info:    External font `cmex10' loaded for size
(Font)              <7> on input line 3.
LaTeX Font Info:    External font `cmex10' loaded for size
(Font)              <5> on input line 3.
LaTeX Font Info:    Font shape `JY1/mc/m/n' will be
(Font)              scaled to size 6.72699pt on input line 3.
LaTeX Font Info:    Font shape `JY1/mc/m/n' will be
(Font)              scaled to size 4.805pt on input line 3.
)
\tf@toc=\write3
\openout3 = `my_help2hiki_saki_2.toc'.

 [2]
\openout2 = `introduction_2.aux'.

 (./introduction_2.tex
File: my_help2hiki_saki.001.png Graphic file (type eps)

<my_help2hiki_saki.001.png>
LaTeX Font Info:    Font shape `JT1/mc/m/n' will be
(Font)              scaled to size 8.64899pt on input line 16.
LaTeX Font Info:    Font shape `JY1/mc/m/n' will be
(Font)              scaled to size 8.64899pt on input line 16.
File: my_help2hiki_saki.011.png Graphic file (type eps)
 <my_help2hiki_saki.011.png> [3

]) [4]
\openout2 = `my_help_2.aux'.


(./my_help_2.tex
LaTeX Font Info:    Font shape `JT1/gt/m/n' will be
(Font)              scaled to size 11.53198pt on input line 2.
LaTeX Font Info:    Font shape `JY1/gt/m/n' will be
(Font)              scaled to size 11.53198pt on input line 2.
LaTeX Font Info:    Try loading font information for OMS+cmr on input line 18.
 (/usr/local/texlive/2016/texmf-dist/tex/latex/base/omscmr.fd
File: omscmr.fd 2014/09/29 v2.5h Standard LaTeX font definitions
)
LaTeX Font Info:    Font shape `OMS/cmr/m/n' in size <10> not available
(Font)              Font shape `OMS/cmsy/m/n' tried instead on input line 18.

Overfull \hbox (35.86244pt too wide) in paragraph at lines 38--38
 []    \OT1/cmtt/m/n/10 -i, --init NAME                  initialize NAME help(e
g test_help).[] 
 []


Overfull \hbox (14.86263pt too wide) in paragraph at lines 38--38
 []    \OT1/cmtt/m/n/10 -m, --make                       make executables for a
ll helps.[] 
 []


Overfull \hbox (9.61267pt too wide) in paragraph at lines 38--38
 []        \OT1/cmtt/m/n/10 --install_local              install local after ed
it helps[] 
 []

[5


] [6]) [7]
\openout2 = `behavior_2.aux'.

 (./behavior_2.tex
File: my_help2hiki_saki.010.png Graphic file (type eps)
 <my_help2hiki_saki.010.png> [8


]
Overfull \hbox (114.61176pt too wide) in paragraph at lines 210--210
 []      \OT1/cmtt/m/n/10 @help_cont[:head].each{|line| print line.chomp+"\n" }
 if @help_cont[:head] != nil[] 
 []


Overfull \hbox (156.61139pt too wide) in paragraph at lines 210--210
 []      \OT1/cmtt/m/n/10 @help_cont[:license].each{|line| print "#{line.chomp}
\n" } if @help_cont[:license] != nil[] 
 []

[9]
Overfull \hbox (30.61249pt too wide) in paragraph at lines 210--210
 []          \OT1/cmtt/m/n/10 opt.on(opts[:short],opts[:long],opts[:desc]) {dis
p_help(key)}[] 
 []


Overfull \hbox (72.61212pt too wide) in paragraph at lines 210--210
 []        \OT1/cmtt/m/n/10 opt.on('--store [item]','store [item] in backfile')
{|item| store(item)}[] 
 []


Overfull \hbox (146.11148pt too wide) in paragraph at lines 210--210
 []        \OT1/cmtt/m/n/10 opt.on('--remove [item]','remove [item] and store i
n backfile'){|item| remove(item) }[] 
 []


Overfull \hbox (4.36272pt too wide) in paragraph at lines 210--210
 []        \OT1/cmtt/m/n/10 opt.on('--add [item]','add new [item]'){|item| add(
item) }[] 
 []


Overfull \hbox (135.61157pt too wide) in paragraph at lines 210--210
 []        \OT1/cmtt/m/n/10 opt.on('--backup_list [val]','show last [val] backu
p list'){|val| backup_list(val)}[] 
 []


Overfull \hbox (9.61267pt too wide) in paragraph at lines 210--210
 []        \OT1/cmtt/m/n/10 backup_size = backup_size>val.to_i ? val.to_i : bac
kup_size[] 
 []

[10]
Overfull \hbox (25.36253pt too wide) in paragraph at lines 210--210
 []        \OT1/cmtt/m/n/10 print "No #{item} in this help.  The items are foll
owing...\n"[] 
 []

[11]
Overfull \hbox (25.36253pt too wide) in paragraph at lines 210--210
 []      \OT1/cmtt/m/n/10 File.open(backup,'w'){|file| file.print(YAML.dump(bac
kup_cont))}[] 
 []


Overfull \hbox (56.86226pt too wide) in paragraph at lines 210--210
 []      \OT1/cmtt/m/n/10 new_item={:opts=>{:short=>'-'+item[0], :long=>'--'+it
em, :desc=>item},[] 
 []


Overfull \hbox (83.11203pt too wide) in paragraph at lines 210--210
 []      \OT1/cmtt/m/n/10 File.open(@source_file,'w'){|file| file.print YAML.du
mp(@help_cont)}    end[] 
 []


Overfull \hbox (46.36235pt too wide) in paragraph at lines 210--210
 []      \OT1/cmtt/m/n/10 File.open(@source_file,'w'){|file| file.print YAML.du
mp(@help_cont)}[] 
 []

[12] [13]
Overfull \hbox (30.61249pt too wide) in paragraph at lines 210--210
 []      \OT1/cmtt/m/n/10 lines.each{|line| puts CodeRay.scan("+#{line}", :Task
paper).term}[] 
 []

[14]
Overfull \hbox (62.11221pt too wide) in paragraph at lines 390--390
 []      \OT1/cmtt/m/n/10 @default_help_dir = File.expand_path("../../lib/daddy
gongon", __FILE__)[] 
 []


Overfull \hbox (119.86171pt too wide) in paragraph at lines 390--390
 []        \OT1/cmtt/m/n/10 FileUtils.cp((File.join(@default_help_dir,file)),@l
ocal_help_dir,:verbose=>true)[] 
 []


Overfull \hbox (161.86134pt too wide) in paragraph at lines 390--390
 []        \OT1/cmtt/m/n/10 opt.on('-e NAME', '--edit NAME', 'edit NAME help(eg
 test_help)'){|file| edit_help(file)}[] 
 []


Overfull \hbox (198.61102pt too wide) in paragraph at lines 390--390
 []        \OT1/cmtt/m/n/10 opt.on('-i NAME', '--init NAME', 'initialize NAME h
elp(eg test_help).'){|file| init_help(file)}[] 
 []

[15]
Overfull \hbox (56.86226pt too wide) in paragraph at lines 390--390
 []        \OT1/cmtt/m/n/10 opt.on('-m', '--make', 'make executables for all he
lps.'){make_help}[] 
 []


Overfull \hbox (83.11203pt too wide) in paragraph at lines 390--390
 []        \OT1/cmtt/m/n/10 opt.on('--install_local','install local after edit 
helps'){install_local}[] 
 []


Overfull \hbox (56.86226pt too wide) in paragraph at lines 390--390
 []        \OT1/cmtt/m/n/10 opt.on('--delete NAME','delete NAME help'){|file| d
elete_help(file)}[] 
 []


Overfull \hbox (51.6123pt too wide) in paragraph at lines 390--390
 []       \OT1/cmtt/m/n/10 exe_dir=File.join(File.expand_path('../..',@default_
help_dir),'exe')[] 
 []


Overfull \hbox (35.86244pt too wide) in paragraph at lines 390--390
 []      \OT1/cmtt/m/n/10 status, stdout, stderr = systemu "gem env|grep '#{USE
R_INST_DIR}'"[] 
 []

[16]
Overfull \hbox (20.11258pt too wide) in paragraph at lines 390--390
 []        \OT1/cmtt/m/n/10 status, stdout, stderr = systemu "gem env|grep '#{I
NST_DIR}'"[] 
 []


Overfull \hbox (67.36217pt too wide) in paragraph at lines 390--390
 []        \OT1/cmtt/m/n/10 puts "Download my_help from github, and using bundl
e for edit helps\n"[] 
 []


Overfull \hbox (72.61212pt too wide) in paragraph at lines 390--390
 []        \OT1/cmtt/m/n/10 exe_cont << "help_file = File.join(ENV['HOME'],'.my
_help','#{file}')\n"[] 
 []


Overfull \hbox (4.36272pt too wide) in paragraph at lines 390--390
 []        \OT1/cmtt/m/n/10 exe_cont << "SpecificHelp::Command.run(help_file, A
RGV)\n"[] 
 []

[17]
Overfull \hbox (30.61249pt too wide) in paragraph at lines 390--390
 []        \OT1/cmtt/m/n/10 next if ['emacs_help','e_h','my_help','my_todo'].in
clude?(file)[] 
 []


Overfull \hbox (9.61267pt too wide) in paragraph at lines 390--390
 []      \OT1/cmtt/m/n/10 p template = File.join(@default_help_dir,'template_he
lp.yml')[] 
 []

[18]
Overfull \hbox (77.86208pt too wide) in paragraph at lines 390--390
 []      \OT1/cmtt/m/n/10 system "emacs_help --to_hiki > ~/Sites/hiki-1.0/data/
text/emacs_help_saki"[] 
 []


Overfull \hbox (46.36235pt too wide) in paragraph at lines 390--390
 []      \OT1/cmtt/m/n/10 system "my_todo --to_hiki > ~/Sites/hiki-1.0/data/tex
t/my_todo_saki"[] 
 []


Overfull \hbox (56.86226pt too wide) in paragraph at lines 390--390
 []      \OT1/cmtt/m/n/10 system "ssh_help --to_hiki > ~/Sites/hiki-1.0/data/te
xt/ssh_help_saki"[] 
 []


Overfull \hbox (46.36235pt too wide) in paragraph at lines 390--390
 []      \OT1/cmtt/m/n/10 system "open -a safari 'http://localhost/~saki/hiki-1
.0/?FrontPage'"[] 
 []

[19]
File: my_help2hiki_saki.012.png Graphic file (type eps)
 <my_help2hiki_saki.012.png> [20]
LaTeX Font Info:    Font shape `JT1/mc/bx/n' in size <10> not available
(Font)              Font shape `JT1/gt/m/n' tried instead on input line 434.
LaTeX Font Info:    Font shape `JT1/gt/m/n' will be
(Font)              scaled to size 9.60999pt on input line 434.
LaTeX Font Info:    Font shape `JY1/mc/bx/n' in size <10> not available
(Font)              Font shape `JY1/gt/m/n' tried instead on input line 434.
LaTeX Font Info:    Font shape `JY1/gt/m/n' will be
(Font)              scaled to size 9.60999pt on input line 434.
File: my_help2hiki_saki.013.png Graphic file (type eps)
 <my_help2hiki_saki.013.png>
Overfull \hbox (77.86208pt too wide) in paragraph at lines 472--472
 []      \OT1/cmtt/m/n/10 system "emacs_help --to_hiki > ~/Sites/hiki-1.0/data/
text/emacs_help_saki"[] 
 []


Overfull \hbox (46.36235pt too wide) in paragraph at lines 472--472
 []      \OT1/cmtt/m/n/10 system "my_todo --to_hiki > ~/Sites/hiki-1.0/data/tex
t/my_todo_saki"[] 
 []


Overfull \hbox (56.86226pt too wide) in paragraph at lines 472--472
 []      \OT1/cmtt/m/n/10 system "ssh_help --to_hiki > ~/Sites/hiki-1.0/data/te
xt/ssh_help_saki"[] 
 []


Overfull \hbox (46.36235pt too wide) in paragraph at lines 472--472
 []      \OT1/cmtt/m/n/10 system "open -a safari 'http://localhost/~saki/hiki-1
.0/?FrontPage'"[] 
 []

[21]
File: my_help2hiki_saki.002.png Graphic file (type eps)
 <my_help2hiki_saki.002.png>) [22] [23]
\openout2 = `template_2.aux'.

 (./template_2.tex
File: my_help2hiki_saki.008.png Graphic file (type eps)

<my_help2hiki_saki.008.png> [24


]
File: my_help2hiki_saki.009.png Graphic file (type eps)
 <my_help2hiki_saki.009.png> [25]) [26]
\openout2 = `merit_2.aux'.


(./merit_2.tex [27


] [28]) [29]
\openout2 = `task_2.aux'.

 (./task_2.tex) [30


]
\openout2 = `reference_2.aux'.

 (./reference_2.tex
Underfull \hbox (badness 2460) in paragraph at lines 4--5
[]\JY1/mc/m/n/10 「\OT1/cmr/m/n/10 Ruby on Rails \JY1/mc/m/n/10 初心者必見 ！パ
 ッケ ージ管理ツ ール 『\OT1/cmr/m/n/10 gem\JY1/mc/m/n/10 』 を徹底解
 []

) [31


] (./my_help2hiki_saki_2.aux (./introduction_2.aux) (./my_help_2.aux)
(./behavior_2.aux) (./template_2.aux) (./merit_2.aux) (./task_2.aux)
(./reference_2.aux))

LaTeX Warning: There were multiply-defined labels.

 ) 
Here is how much of TeX's memory you used:
 2319 strings out of 493683
 32366 string characters out of 6149653
 94866 words of memory out of 5000000
 5848 multiletter control sequences out of 15000+600000
 15343 words of font info for 69 fonts, out of 8000000 for 9000
 934 hyphenation exceptions out of 8191
 26i,6n,32p,238b,393s stack positions out of 5000i,500n,10000p,200000b,80000s

Output written on my_help2hiki_saki_2.dvi (31 pages, 48840 bytes).
