This is e-pTeX, Version 3.14159265-p3.5-130605-2.6 (utf8.euc) (TeX Live 2014) (preloaded format=platex 2014.11.26)  9 FEB 2017 17:45
entering extended mode
 restricted \write18 enabled.
 file:line:error style messages enabled.
 %&-line parsing enabled.
**template
(./template.tex
pLaTeX2e <2006/11/10> (based on LaTeX2e <2014/05/01> patch level 0)
Babel <3.9k> and hyphenation patterns for 78 languages loaded.
./template.tex:1: Undefined control sequence.
l.1 \section
            {FrontPageの設計}
? 
./template.tex:1: Emergency stop.
l.1 \section
            {FrontPageの設計}
End of file on the terminal!

 
Here is how much of TeX's memory you used:
 4 strings out of 493807
 46 string characters out of 6151950
 53144 words of memory out of 5000000
 3569 multiletter control sequences out of 15000+600000
 7519 words of font info for 31 fonts, out of 8000000 for 9000
 929 hyphenation exceptions out of 8191
 5i,0n,1p,36b,8s stack positions out of 5000i,500n,10000p,200000b,80000s
No pages of output.
