This is e-pTeX, Version 3.14159265-p3.7-160201-2.6 (utf8.euc) (TeX Live 2016) (preloaded format=platex 2017.1.26)  3 FEB 2017 22:03
entering extended mode
 restricted \write18 enabled.
 file:line:error style messages enabled.
 %&-line parsing enabled.
**my_help2hiki_saki.tex
(./my_help2hiki_saki.tex
pLaTeX2e <2016/11/29> (based on LaTeX2e <2017/01/01>)
Babel <3.9r> and hyphenation patterns for 83 language(s) loaded.
(/usr/local/texlive/2016/texmf-dist/tex/platex/jsclasses/jsarticle.cls
Document Class: jsarticle 2017/01/13 okumura, texjporg
\jsc@mpt=\dimen118
\jsc@mmm=\dimen119
\jsc@smallskipamount=\skip41
LaTeX Info: Redefining \rmfamily on input line 468.
LaTeX Info: Redefining \sffamily on input line 471.
LaTeX Info: Redefining \ttfamily on input line 474.
LaTeX Info: Redefining \textmc on input line 477.
LaTeX Info: Redefining \textgt on input line 479.
\symmincho=\mathgroup4
LaTeX Font Info:    Overwriting symbol font `mincho' in version `bold'
(Font)                  JY1/mc/m/n --> JY1/gt/m/n on input line 540.
LaTeX Font Info:    Font shape `JT1/mc/m/n' will be
(Font)              scaled to size 9.60999pt on input line 731.
LaTeX Font Info:    Font shape `JY1/mc/m/n' will be
(Font)              scaled to size 9.60999pt on input line 731.
\fullwidth=\dimen120
LaTeX Font Info:    Font shape `JT1/mc/m/n' will be
(Font)              scaled to size 7.68799pt on input line 883.
LaTeX Font Info:    Font shape `JY1/mc/m/n' will be
(Font)              scaled to size 7.68799pt on input line 883.
\c@part=\count82
\c@section=\count83
\c@subsection=\count84
\c@subsubsection=\count85
\c@paragraph=\count86
\c@subparagraph=\count87
\@abstractbox=\box41
\c@figure=\count88
\c@table=\count89
\abovecaptionskip=\skip42
\belowcaptionskip=\skip43
\jsc@tocl@width=\dimen121
\@lnumwidth=\dimen122
\bibindent=\dimen123
(/usr/local/texlive/2016/texmf-dist/tex/platex/jsclasses/jslogo.sty
Package: jslogo 2016/07/14 okumura, texjporg
LaTeX Info: Redefining \TeX on input line 94.
LaTeX Info: Redefining \LaTeX on input line 147.
LaTeX Info: Redefining \LaTeXe on input line 200.
)
\heisei=\count90
)
(/usr/local/texlive/2016/texmf-dist/tex/latex/graphics/graphicx.sty
Package: graphicx 2014/10/28 v1.0g Enhanced LaTeX Graphics (DPC,SPQR)

(/usr/local/texlive/2016/texmf-dist/tex/latex/graphics/keyval.sty
Package: keyval 2014/10/28 v1.15 key=value parser (DPC)
\KV@toks@=\toks15
)
(/usr/local/texlive/2016/texmf-dist/tex/latex/graphics/graphics.sty
Package: graphics 2016/10/09 v1.0u Standard LaTeX Graphics (DPC,SPQR)

(/usr/local/texlive/2016/texmf-dist/tex/latex/graphics/trig.sty
Package: trig 2016/01/03 v1.10 sin cos tan (DPC)
)
(/usr/local/texlive/2016/texmf-dist/tex/latex/graphics-cfg/graphics.cfg
File: graphics.cfg 2016/06/04 v1.11 sample graphics configuration
)
Package graphics Info: Driver file: dvipdfmx.def on input line 99.

(/usr/local/texlive/2016/texmf-dist/tex/latex/graphics-def/dvipdfmx.def
File: dvipdfmx.def 2016/07/11 v4.12 LaTeX color/graphics driver for dvipdfmx (L
3/ChoF)
))
\Gin@req@height=\dimen124
\Gin@req@width=\dimen125
)
(/usr/local/texlive/2016/texmf-dist/tex/latex/graphics/color.sty
Package: color 2016/07/10 v1.1e Standard LaTeX Color (DPC)

(/usr/local/texlive/2016/texmf-dist/tex/latex/graphics-cfg/color.cfg
File: color.cfg 2016/01/02 v1.6 sample color configuration
)
Package color Info: Driver file: dvipdfmx.def on input line 147.

(/usr/local/texlive/2016/texmf-dist/tex/latex/graphics/dvipsnam.def
File: dvipsnam.def 2016/06/17 v3.0m Driver-dependent file (DPC,SPQR)
))
(/usr/local/texlive/2016/texmf-dist/tex/latex/listings/listings.sty
\lst@mode=\count91
\lst@gtempboxa=\box42
\lst@token=\toks16
\lst@length=\count92
\lst@currlwidth=\dimen126
\lst@column=\count93
\lst@pos=\count94
\lst@lostspace=\dimen127
\lst@width=\dimen128
\lst@newlines=\count95
\lst@lineno=\count96
\lst@maxwidth=\dimen129

(/usr/local/texlive/2016/texmf-dist/tex/latex/listings/lstmisc.sty
File: lstmisc.sty 2015/06/04 1.6 (Carsten Heinz)
\c@lstnumber=\count97
\lst@skipnumbers=\count98
\lst@framebox=\box43
)
(/usr/local/texlive/2016/texmf-dist/tex/latex/listings/listings.cfg
File: listings.cfg 2015/06/04 1.6 listings configuration
))
Package: listings 2015/06/04 1.6 (Carsten Heinz)

(./my_help2hiki_saki.aux (./my_help.aux) (./hiki.aux) (./latex.aux)
(./hiki_sync.aux) (./behavior.aux) (./hiki2latex.aux) (./my_help_hiki_latex.aux
))
\openout1 = `my_help2hiki_saki.aux'.

LaTeX Font Info:    Checking defaults for OML/cmm/m/it on input line 39.
LaTeX Font Info:    ... okay on input line 39.
LaTeX Font Info:    Checking defaults for T1/cmr/m/n on input line 39.
LaTeX Font Info:    ... okay on input line 39.
LaTeX Font Info:    Checking defaults for OT1/cmr/m/n on input line 39.
LaTeX Font Info:    ... okay on input line 39.
LaTeX Font Info:    Checking defaults for OMS/cmsy/m/n on input line 39.
LaTeX Font Info:    ... okay on input line 39.
LaTeX Font Info:    Checking defaults for OMX/cmex/m/n on input line 39.
LaTeX Font Info:    ... okay on input line 39.
LaTeX Font Info:    Checking defaults for U/cmr/m/n on input line 39.
LaTeX Font Info:    ... okay on input line 39.
LaTeX Font Info:    Checking defaults for JY1/mc/m/n on input line 39.
LaTeX Font Info:    ... okay on input line 39.
LaTeX Font Info:    Checking defaults for JT1/mc/m/n on input line 39.
LaTeX Font Info:    ... okay on input line 39.
\c@lstlisting=\count99
LaTeX Font Info:    Font shape `JT1/mc/m/n' will be
(Font)              scaled to size 16.60605pt on input line 45.
LaTeX Font Info:    Font shape `JY1/mc/m/n' will be
(Font)              scaled to size 16.60605pt on input line 45.
LaTeX Font Info:    Font shape `JT1/mc/m/n' will be
(Font)              scaled to size 11.53198pt on input line 45.
LaTeX Font Info:    Font shape `JY1/mc/m/n' will be
(Font)              scaled to size 11.53198pt on input line 45.
LaTeX Font Info:    External font `cmex10' loaded for size
(Font)              <12> on input line 45.
LaTeX Font Info:    External font `cmex10' loaded for size
(Font)              <8> on input line 45.
LaTeX Font Info:    External font `cmex10' loaded for size
(Font)              <6> on input line 45.
LaTeX Font Info:    Font shape `JY1/mc/m/n' will be
(Font)              scaled to size 5.76599pt on input line 45.
LaTeX Font Info:    Font shape `JT1/gt/m/n' will be
(Font)              scaled to size 9.60999pt on input line 47.
LaTeX Font Info:    Font shape `JY1/gt/m/n' will be
(Font)              scaled to size 9.60999pt on input line 47.
LaTeX Font Info:    Font shape `JT1/mc/m/n' will be
(Font)              scaled to size 13.83836pt on input line 47.
LaTeX Font Info:    Font shape `JY1/mc/m/n' will be
(Font)              scaled to size 13.83836pt on input line 47.
LaTeX Font Info:    Font shape `JT1/gt/m/n' will be
(Font)              scaled to size 13.83836pt on input line 47.
LaTeX Font Info:    Font shape `JY1/gt/m/n' will be
(Font)              scaled to size 13.83836pt on input line 47.
 (./my_help2hiki_saki.toc [1

]
LaTeX Font Info:    External font `cmex10' loaded for size
(Font)              <7> on input line 2.
LaTeX Font Info:    External font `cmex10' loaded for size
(Font)              <5> on input line 2.
LaTeX Font Info:    Font shape `JY1/mc/m/n' will be
(Font)              scaled to size 6.72699pt on input line 2.
LaTeX Font Info:    Font shape `JY1/mc/m/n' will be
(Font)              scaled to size 4.805pt on input line 2.
)
\tf@toc=\write3
\openout3 = `my_help2hiki_saki.toc'.

 (./my_help2hiki_saki.toc)
\tf@toc=\write4
\openout4 = `my_help2hiki_saki.toc'.

 [2]
LaTeX Font Info:    Font shape `JT1/gt/m/n' will be
(Font)              scaled to size 11.53198pt on input line 51.
LaTeX Font Info:    Font shape `JY1/gt/m/n' will be
(Font)              scaled to size 11.53198pt on input line 51.
LaTeX Font Info:    Try loading font information for OMS+cmr on input line 54.

(/usr/local/texlive/2016/texmf-dist/tex/latex/base/omscmr.fd
File: omscmr.fd 2014/09/29 v2.5h Standard LaTeX font definitions
)
LaTeX Font Info:    Font shape `OMS/cmr/m/n' in size <10> not available
(Font)              Font shape `OMS/cmsy/m/n' tried instead on input line 54.
 [3]
\openout2 = `my_help.aux'.


(./my_help.tex
Overfull \hbox (35.86244pt too wide) in paragraph at lines 30--30
 []    \OT1/cmtt/m/n/10 -i, --init NAME                  initialize NAME help(e
g test_help).[] 
 []


Overfull \hbox (14.86263pt too wide) in paragraph at lines 30--30
 []    \OT1/cmtt/m/n/10 -m, --make                       make executables for a
ll helps.[] 
 []


Overfull \hbox (9.61267pt too wide) in paragraph at lines 30--30
 []        \OT1/cmtt/m/n/10 --install_local              install local after ed
it helps[] 
 []

[4

]) [5]
\openout2 = `hiki.aux'.

 (./hiki.tex
Overfull \hbox (44.50287pt too wide) in paragraph at lines 2--9
\JY1/gt/m/n/10 ■ \OT1/cmss/m/n/10 hiki \JY1/gt/m/n/10 とは[] \OT1/cmr/m/n/10 R
uby \JY1/mc/m/n/10 で書かれた高機能 ・ 高速 \OT1/cmr/m/n/10 Wiki \JY1/mc/m/n/10
 クロ ーン ． 参考文献 \OT1/cmr/m/n/10 3(\OT1/cmtt/m/n/10 http://hikiwiki.org/j
a/
 []

) [6


]
\openout2 = `latex.aux'.

 (./latex.tex) [7


]
\openout2 = `hiki_sync.aux'.

 (./hiki_sync.tex [8


]) [9] [10

]
\openout2 = `behavior.aux'.

 (./behavior.tex
LaTeX Font Info:    Font shape `JT1/mc/bx/n' in size <10> not available
(Font)              Font shape `JT1/gt/m/n' tried instead on input line 32.
LaTeX Font Info:    Font shape `JT1/gt/m/n' will be
(Font)              scaled to size 9.60999pt on input line 32.
LaTeX Font Info:    Font shape `JY1/mc/bx/n' in size <10> not available
(Font)              Font shape `JY1/gt/m/n' tried instead on input line 32.
LaTeX Font Info:    Font shape `JY1/gt/m/n' will be
(Font)              scaled to size 9.60999pt on input line 32.
 [11

]
Overfull \hbox (51.6123pt too wide) in paragraph at lines 53--53
 []\OT1/cmtt/m/n/10 Last login: Mon Jan  2 22:16:29 2017 from 59x87x69x163.ap59
.ftth.ucom.ne.jp[] 
 []


Overfull \hbox (51.6123pt too wide) in paragraph at lines 67--67
 []\OT1/cmtt/m/n/10 Last login: Sat Jan 28 03:49:46 2017 from 59x87x69x163.ap59
.ftth.ucom.ne.jp[] 
 []

[12]
Overfull \hbox (46.36235pt too wide) in paragraph at lines 99--99
 []\OT1/cmtt/m/n/10 system "emacs_help --to_hiki > ~/Sites/hiki-1.0/data/text/e
macs_help_saki"[] 
 []


Overfull \hbox (14.86263pt too wide) in paragraph at lines 99--99
 []\OT1/cmtt/m/n/10 system "my_todo --to_hiki > ~/Sites/hiki-1.0/data/text/my_t
odo_saki"[] 
 []


Overfull \hbox (25.36253pt too wide) in paragraph at lines 99--99
 []\OT1/cmtt/m/n/10 system "ssh_help --to_hiki > ~/Sites/hiki-1.0/data/text/ssh
_help_saki"[] 
 []


Overfull \hbox (14.86263pt too wide) in paragraph at lines 99--99
 []\OT1/cmtt/m/n/10 system "open -a safari 'http://localhost/~saki/hiki-1.0/?Fr
ontPage'"[] 
 []

[13]) [14]
\openout2 = `hiki2latex.aux'.

 (./hiki2latex.tex
Overfull \hbox (4.36272pt too wide) in paragraph at lines 17--17
 []    \OT1/cmtt/m/n/10 -l, --level VALUE                set Level for output s
ection.[] 
 []


Overfull \hbox (9.61267pt too wide) in paragraph at lines 17--17
 []        \OT1/cmtt/m/n/10 --head FILE                  put headers of maketit
le file.[] 
 []


Overfull \hbox (72.61212pt too wide) in paragraph at lines 17--17
 []        \OT1/cmtt/m/n/10 --listings                   use listings.sty for p
reformat with style.[] 
 []

[15


]) [16]
\openout2 = `my_help_hiki_latex.aux'.


No file my_help_hiki_latex.tex.
(./my_help2hiki_saki.aux (./my_help.aux) (./hiki.aux) (./latex.aux)
(./hiki_sync.aux) (./behavior.aux) (./hiki2latex.aux) (./my_help_hiki_latex.aux
)) ) 
Here is how much of TeX's memory you used:
 2282 strings out of 493683
 31678 string characters out of 6149653
 95802 words of memory out of 5000000
 5822 multiletter control sequences out of 15000+600000
 14763 words of font info for 66 fonts, out of 8000000 for 9000
 934 hyphenation exceptions out of 8191
 26i,6n,32p,253b,387s stack positions out of 5000i,500n,10000p,200000b,80000s

Output written on my_help2hiki_saki.dvi (16 pages, 37564 bytes).
